빌드 시작: 2019-08-16 오전 5:07:20
     1>2 노드의 "C:\Users\권혜영\Desktop\수정본_3\SaveHeart\SaveHeart.vcxproj" 프로젝트(build 대상)입니다.
     1>PrepareForBuild:
         "C:\Users\권혜영\Desktop\수정본_3\Debug\" 디렉터리를 만들고 있습니다.
       InitializeBuildStatus:
         "AlwaysCreate"이(가) 지정되었기 때문에 "Debug\SaveHeart.unsuccessfulbuild"을(를) 만들고 있습니다.
       ClCompile:
         c:\Program Files (x86)\Microsoft Visual Studio 10.0\VC\bin\CL.exe /c /ZI /nologo /W3 /WX- /Od /Oy- /D _MBCS /Gm /EHsc /RTC1 /MDd /GS /fp:precise /Zc:wchar_t /Zc:forScope /Fo"Debug\\" /Fd"Debug\vc100.pdb" /Gd /TP /analyze- /errorReport:prompt main.cpp
         main.cpp
     1>c:\users\권혜영\desktop\수정본_3\saveheart\util.h(105): warning C4996: 'getch': The POSIX name for this item is deprecated. Instead, use the ISO C++ conformant name: _getch. See online help for details.
                 c:\program files (x86)\microsoft visual studio 10.0\vc\include\conio.h(128) : 'getch' 선언을 참조하십시오.
     1>c:\users\권혜영\desktop\수정본_3\saveheart\util.h(137): warning C4244: '초기화 중' : 'LONG'에서 'SHORT'(으)로 변환하면서 데이터가 손실될 수 있습니다.
     1>c:\users\권혜영\desktop\수정본_3\saveheart\util.h(137): warning C4244: '초기화 중' : 'LONG'에서 'SHORT'(으)로 변환하면서 데이터가 손실될 수 있습니다.
     1>c:\users\권혜영\desktop\수정본_3\saveheart\draw.h(33): warning C4996: 'fscanf': This function or variable may be unsafe. Consider using fscanf_s instead. To disable deprecation, use _CRT_SECURE_NO_WARNINGS. See online help for details.
                 c:\program files (x86)\microsoft visual studio 10.0\vc\include\stdio.h(253) : 'fscanf' 선언을 참조하십시오.
     1>c:\users\권혜영\desktop\수정본_3\saveheart\draw.h(34): warning C4996: 'fscanf': This function or variable may be unsafe. Consider using fscanf_s instead. To disable deprecation, use _CRT_SECURE_NO_WARNINGS. See online help for details.
                 c:\program files (x86)\microsoft visual studio 10.0\vc\include\stdio.h(253) : 'fscanf' 선언을 참조하십시오.
     1>c:\users\권혜영\desktop\수정본_3\saveheart\draw.h(35): warning C4996: 'strcpy': This function or variable may be unsafe. Consider using strcpy_s instead. To disable deprecation, use _CRT_SECURE_NO_WARNINGS. See online help for details.
                 c:\program files (x86)\microsoft visual studio 10.0\vc\include\string.h(105) : 'strcpy' 선언을 참조하십시오.
     1>c:\users\권혜영\desktop\수정본_3\saveheart\draw.h(23): warning C4101: 'start' :참조되지 않은 지역 변수입니다.
     1>c:\users\권혜영\desktop\수정본_3\saveheart\draw.h(20): warning C4101: 'frontLine' :참조되지 않은 지역 변수입니다.
     1>c:\users\권혜영\desktop\수정본_3\saveheart\draw.h(19): warning C4101: 'front' :참조되지 않은 지역 변수입니다.
     1>c:\users\권혜영\desktop\수정본_3\saveheart\draw.h(182): warning C4996: 'fscanf': This function or variable may be unsafe. Consider using fscanf_s instead. To disable deprecation, use _CRT_SECURE_NO_WARNINGS. See online help for details.
                 c:\program files (x86)\microsoft visual studio 10.0\vc\include\stdio.h(253) : 'fscanf' 선언을 참조하십시오.
     1>c:\users\권혜영\desktop\수정본_3\saveheart\draw.h(183): warning C4996: 'fscanf': This function or variable may be unsafe. Consider using fscanf_s instead. To disable deprecation, use _CRT_SECURE_NO_WARNINGS. See online help for details.
                 c:\program files (x86)\microsoft visual studio 10.0\vc\include\stdio.h(253) : 'fscanf' 선언을 참조하십시오.
     1>c:\users\권혜영\desktop\수정본_3\saveheart\draw.h(186): warning C4996: 'strcpy': This function or variable may be unsafe. Consider using strcpy_s instead. To disable deprecation, use _CRT_SECURE_NO_WARNINGS. See online help for details.
                 c:\program files (x86)\microsoft visual studio 10.0\vc\include\string.h(105) : 'strcpy' 선언을 참조하십시오.
     1>c:\users\권혜영\desktop\수정본_3\saveheart\draw.h(188): warning C4996: 'fscanf': This function or variable may be unsafe. Consider using fscanf_s instead. To disable deprecation, use _CRT_SECURE_NO_WARNINGS. See online help for details.
                 c:\program files (x86)\microsoft visual studio 10.0\vc\include\stdio.h(253) : 'fscanf' 선언을 참조하십시오.
     1>c:\users\권혜영\desktop\수정본_3\saveheart\draw.h(189): warning C4996: 'fscanf': This function or variable may be unsafe. Consider using fscanf_s instead. To disable deprecation, use _CRT_SECURE_NO_WARNINGS. See online help for details.
                 c:\program files (x86)\microsoft visual studio 10.0\vc\include\stdio.h(253) : 'fscanf' 선언을 참조하십시오.
     1>c:\users\권혜영\desktop\수정본_3\saveheart\draw.h(219): warning C4996: 'fscanf': This function or variable may be unsafe. Consider using fscanf_s instead. To disable deprecation, use _CRT_SECURE_NO_WARNINGS. See online help for details.
                 c:\program files (x86)\microsoft visual studio 10.0\vc\include\stdio.h(253) : 'fscanf' 선언을 참조하십시오.
     1>c:\users\권혜영\desktop\수정본_3\saveheart\draw.h(220): warning C4996: 'fscanf': This function or variable may be unsafe. Consider using fscanf_s instead. To disable deprecation, use _CRT_SECURE_NO_WARNINGS. See online help for details.
                 c:\program files (x86)\microsoft visual studio 10.0\vc\include\stdio.h(253) : 'fscanf' 선언을 참조하십시오.
     1>c:\users\권혜영\desktop\수정본_3\saveheart\draw.h(221): warning C4996: 'strcpy': This function or variable may be unsafe. Consider using strcpy_s instead. To disable deprecation, use _CRT_SECURE_NO_WARNINGS. See online help for details.
                 c:\program files (x86)\microsoft visual studio 10.0\vc\include\string.h(105) : 'strcpy' 선언을 참조하십시오.
     1>c:\users\권혜영\desktop\수정본_3\saveheart\draw.h(209): warning C4101: 'start' :참조되지 않은 지역 변수입니다.
     1>c:\users\권혜영\desktop\수정본_3\saveheart\draw.h(206): warning C4101: 'frontLine' :참조되지 않은 지역 변수입니다.
     1>c:\users\권혜영\desktop\수정본_3\saveheart\draw.h(205): warning C4101: 'front' :참조되지 않은 지역 변수입니다.
     1>c:\users\권혜영\desktop\수정본_3\saveheart\teethbrushgame.h(69): warning C4101: 'j' :참조되지 않은 지역 변수입니다.
     1>c:\users\권혜영\desktop\수정본_3\saveheart\teethbrushgame.h(91): warning C4996: 'getch': The POSIX name for this item is deprecated. Instead, use the ISO C++ conformant name: _getch. See online help for details.
                 c:\program files (x86)\microsoft visual studio 10.0\vc\include\conio.h(128) : 'getch' 선언을 참조하십시오.
     1>c:\users\권혜영\desktop\수정본_3\saveheart\teethbrushgame.h(104): warning C4996: 'getch': The POSIX name for this item is deprecated. Instead, use the ISO C++ conformant name: _getch. See online help for details.
                 c:\program files (x86)\microsoft visual studio 10.0\vc\include\conio.h(128) : 'getch' 선언을 참조하십시오.
     1>c:\users\권혜영\desktop\수정본_3\saveheart\teethbrushgame.h(116): warning C4996: 'getch': The POSIX name for this item is deprecated. Instead, use the ISO C++ conformant name: _getch. See online help for details.
                 c:\program files (x86)\microsoft visual studio 10.0\vc\include\conio.h(128) : 'getch' 선언을 참조하십시오.
     1>c:\users\권혜영\desktop\수정본_3\saveheart\teethbrushgame.h(183): warning C4996: 'getch': The POSIX name for this item is deprecated. Instead, use the ISO C++ conformant name: _getch. See online help for details.
                 c:\program files (x86)\microsoft visual studio 10.0\vc\include\conio.h(128) : 'getch' 선언을 참조하십시오.
     1>c:\users\권혜영\desktop\수정본_3\saveheart\teethbrushgame.h(186): warning C4996: 'getch': The POSIX name for this item is deprecated. Instead, use the ISO C++ conformant name: _getch. See online help for details.
                 c:\program files (x86)\microsoft visual studio 10.0\vc\include\conio.h(128) : 'getch' 선언을 참조하십시오.
     1>c:\users\권혜영\desktop\수정본_3\saveheart\teethbrushgame.h(198): warning C4996: 'kbhit': The POSIX name for this item is deprecated. Instead, use the ISO C++ conformant name: _kbhit. See online help for details.
                 c:\program files (x86)\microsoft visual studio 10.0\vc\include\conio.h(130) : 'kbhit' 선언을 참조하십시오.
     1>c:\users\권혜영\desktop\수정본_3\saveheart\teethbrushgame.h(211): warning C4996: 'kbhit': The POSIX name for this item is deprecated. Instead, use the ISO C++ conformant name: _kbhit. See online help for details.
                 c:\program files (x86)\microsoft visual studio 10.0\vc\include\conio.h(130) : 'kbhit' 선언을 참조하십시오.
     1>c:\users\권혜영\desktop\수정본_3\saveheart\teethbrushgame.h(212): warning C4996: 'getch': The POSIX name for this item is deprecated. Instead, use the ISO C++ conformant name: _getch. See online help for details.
                 c:\program files (x86)\microsoft visual studio 10.0\vc\include\conio.h(128) : 'getch' 선언을 참조하십시오.
     1>c:\users\권혜영\desktop\수정본_3\saveheart\detachteargame.h(64): warning C4101: 'j' :참조되지 않은 지역 변수입니다.
     1>c:\users\권혜영\desktop\수정본_3\saveheart\detachteargame.h(82): warning C4996: 'kbhit': The POSIX name for this item is deprecated. Instead, use the ISO C++ conformant name: _kbhit. See online help for details.
                 c:\program files (x86)\microsoft visual studio 10.0\vc\include\conio.h(130) : 'kbhit' 선언을 참조하십시오.
     1>c:\users\권혜영\desktop\수정본_3\saveheart\detachteargame.h(95): warning C4996: 'kbhit': The POSIX name for this item is deprecated. Instead, use the ISO C++ conformant name: _kbhit. See online help for details.
                 c:\program files (x86)\microsoft visual studio 10.0\vc\include\conio.h(130) : 'kbhit' 선언을 참조하십시오.
     1>c:\users\권혜영\desktop\수정본_3\saveheart\detachteargame.h(96): warning C4996: 'getch': The POSIX name for this item is deprecated. Instead, use the ISO C++ conformant name: _getch. See online help for details.
                 c:\program files (x86)\microsoft visual studio 10.0\vc\include\conio.h(128) : 'getch' 선언을 참조하십시오.
     1>c:\users\권혜영\desktop\수정본_3\saveheart\detachteargame.h(127): warning C4996: 'getch': The POSIX name for this item is deprecated. Instead, use the ISO C++ conformant name: _getch. See online help for details.
                 c:\program files (x86)\microsoft visual studio 10.0\vc\include\conio.h(128) : 'getch' 선언을 참조하십시오.
     1>c:\users\권혜영\desktop\수정본_3\saveheart\detachteargame.h(130): warning C4996: 'getch': The POSIX name for this item is deprecated. Instead, use the ISO C++ conformant name: _getch. See online help for details.
                 c:\program files (x86)\microsoft visual studio 10.0\vc\include\conio.h(128) : 'getch' 선언을 참조하십시오.
     1>c:\users\권혜영\desktop\수정본_3\saveheart\detachteargame.h(242): warning C4996: 'kbhit': The POSIX name for this item is deprecated. Instead, use the ISO C++ conformant name: _kbhit. See online help for details.
                 c:\program files (x86)\microsoft visual studio 10.0\vc\include\conio.h(130) : 'kbhit' 선언을 참조하십시오.
     1>c:\users\권혜영\desktop\수정본_3\saveheart\detachteargame.h(243): warning C4996: 'getch': The POSIX name for this item is deprecated. Instead, use the ISO C++ conformant name: _getch. See online help for details.
                 c:\program files (x86)\microsoft visual studio 10.0\vc\include\conio.h(128) : 'getch' 선언을 참조하십시오.
     1>c:\users\권혜영\desktop\수정본_3\saveheart\detachteargame.h(267): warning C4996: 'kbhit': The POSIX name for this item is deprecated. Instead, use the ISO C++ conformant name: _kbhit. See online help for details.
                 c:\program files (x86)\microsoft visual studio 10.0\vc\include\conio.h(130) : 'kbhit' 선언을 참조하십시오.
     1>c:\users\권혜영\desktop\수정본_3\saveheart\detachteargame.h(268): warning C4996: 'getch': The POSIX name for this item is deprecated. Instead, use the ISO C++ conformant name: _getch. See online help for details.
                 c:\program files (x86)\microsoft visual studio 10.0\vc\include\conio.h(128) : 'getch' 선언을 참조하십시오.
     1>c:\users\권혜영\desktop\수정본_3\saveheart\detachteargame.h(291): warning C4996: 'kbhit': The POSIX name for this item is deprecated. Instead, use the ISO C++ conformant name: _kbhit. See online help for details.
                 c:\program files (x86)\microsoft visual studio 10.0\vc\include\conio.h(130) : 'kbhit' 선언을 참조하십시오.
     1>c:\users\권혜영\desktop\수정본_3\saveheart\detachteargame.h(292): warning C4996: 'getch': The POSIX name for this item is deprecated. Instead, use the ISO C++ conformant name: _getch. See online help for details.
                 c:\program files (x86)\microsoft visual studio 10.0\vc\include\conio.h(128) : 'getch' 선언을 참조하십시오.
     1>c:\users\권혜영\desktop\수정본_3\saveheart\detachteargame.h(316): warning C4996: 'kbhit': The POSIX name for this item is deprecated. Instead, use the ISO C++ conformant name: _kbhit. See online help for details.
                 c:\program files (x86)\microsoft visual studio 10.0\vc\include\conio.h(130) : 'kbhit' 선언을 참조하십시오.
     1>c:\users\권혜영\desktop\수정본_3\saveheart\detachteargame.h(317): warning C4996: 'getch': The POSIX name for this item is deprecated. Instead, use the ISO C++ conformant name: _getch. See online help for details.
                 c:\program files (x86)\microsoft visual studio 10.0\vc\include\conio.h(128) : 'getch' 선언을 참조하십시오.
     1>c:\users\권혜영\desktop\수정본_3\saveheart\detachteargame.h(341): warning C4996: 'kbhit': The POSIX name for this item is deprecated. Instead, use the ISO C++ conformant name: _kbhit. See online help for details.
                 c:\program files (x86)\microsoft visual studio 10.0\vc\include\conio.h(130) : 'kbhit' 선언을 참조하십시오.
     1>c:\users\권혜영\desktop\수정본_3\saveheart\detachteargame.h(342): warning C4996: 'getch': The POSIX name for this item is deprecated. Instead, use the ISO C++ conformant name: _getch. See online help for details.
                 c:\program files (x86)\microsoft visual studio 10.0\vc\include\conio.h(128) : 'getch' 선언을 참조하십시오.
     1>c:\users\권혜영\desktop\수정본_3\saveheart\detachteargame.h(366): warning C4996: 'kbhit': The POSIX name for this item is deprecated. Instead, use the ISO C++ conformant name: _kbhit. See online help for details.
                 c:\program files (x86)\microsoft visual studio 10.0\vc\include\conio.h(130) : 'kbhit' 선언을 참조하십시오.
     1>c:\users\권혜영\desktop\수정본_3\saveheart\detachteargame.h(367): warning C4996: 'getch': The POSIX name for this item is deprecated. Instead, use the ISO C++ conformant name: _getch. See online help for details.
                 c:\program files (x86)\microsoft visual studio 10.0\vc\include\conio.h(128) : 'getch' 선언을 참조하십시오.
     1>c:\users\권혜영\desktop\수정본_3\saveheart\detachteargame.h(391): warning C4996: 'kbhit': The POSIX name for this item is deprecated. Instead, use the ISO C++ conformant name: _kbhit. See online help for details.
                 c:\program files (x86)\microsoft visual studio 10.0\vc\include\conio.h(130) : 'kbhit' 선언을 참조하십시오.
     1>c:\users\권혜영\desktop\수정본_3\saveheart\detachteargame.h(392): warning C4996: 'getch': The POSIX name for this item is deprecated. Instead, use the ISO C++ conformant name: _getch. See online help for details.
                 c:\program files (x86)\microsoft visual studio 10.0\vc\include\conio.h(128) : 'getch' 선언을 참조하십시오.
     1>c:\users\권혜영\desktop\수정본_3\saveheart\detachteargame.h(416): warning C4996: 'kbhit': The POSIX name for this item is deprecated. Instead, use the ISO C++ conformant name: _kbhit. See online help for details.
                 c:\program files (x86)\microsoft visual studio 10.0\vc\include\conio.h(130) : 'kbhit' 선언을 참조하십시오.
     1>c:\users\권혜영\desktop\수정본_3\saveheart\detachteargame.h(417): warning C4996: 'getch': The POSIX name for this item is deprecated. Instead, use the ISO C++ conformant name: _getch. See online help for details.
                 c:\program files (x86)\microsoft visual studio 10.0\vc\include\conio.h(128) : 'getch' 선언을 참조하십시오.
     1>c:\users\권혜영\desktop\수정본_3\saveheart\detachteargame.h(441): warning C4996: 'kbhit': The POSIX name for this item is deprecated. Instead, use the ISO C++ conformant name: _kbhit. See online help for details.
                 c:\program files (x86)\microsoft visual studio 10.0\vc\include\conio.h(130) : 'kbhit' 선언을 참조하십시오.
     1>c:\users\권혜영\desktop\수정본_3\saveheart\detachteargame.h(442): warning C4996: 'getch': The POSIX name for this item is deprecated. Instead, use the ISO C++ conformant name: _getch. See online help for details.
                 c:\program files (x86)\microsoft visual studio 10.0\vc\include\conio.h(128) : 'getch' 선언을 참조하십시오.
     1>c:\users\권혜영\desktop\수정본_3\saveheart\detachteargame.h(466): warning C4996: 'kbhit': The POSIX name for this item is deprecated. Instead, use the ISO C++ conformant name: _kbhit. See online help for details.
                 c:\program files (x86)\microsoft visual studio 10.0\vc\include\conio.h(130) : 'kbhit' 선언을 참조하십시오.
     1>c:\users\권혜영\desktop\수정본_3\saveheart\detachteargame.h(467): warning C4996: 'getch': The POSIX name for this item is deprecated. Instead, use the ISO C++ conformant name: _getch. See online help for details.
                 c:\program files (x86)\microsoft visual studio 10.0\vc\include\conio.h(128) : 'getch' 선언을 참조하십시오.
     1>c:\users\권혜영\desktop\수정본_3\saveheart\detachteargame.h(491): warning C4996: 'kbhit': The POSIX name for this item is deprecated. Instead, use the ISO C++ conformant name: _kbhit. See online help for details.
                 c:\program files (x86)\microsoft visual studio 10.0\vc\include\conio.h(130) : 'kbhit' 선언을 참조하십시오.
     1>c:\users\권혜영\desktop\수정본_3\saveheart\detachteargame.h(492): warning C4996: 'getch': The POSIX name for this item is deprecated. Instead, use the ISO C++ conformant name: _getch. See online help for details.
                 c:\program files (x86)\microsoft visual studio 10.0\vc\include\conio.h(128) : 'getch' 선언을 참조하십시오.
     1>c:\users\권혜영\desktop\수정본_3\saveheart\detachteargame.h(516): warning C4996: 'kbhit': The POSIX name for this item is deprecated. Instead, use the ISO C++ conformant name: _kbhit. See online help for details.
                 c:\program files (x86)\microsoft visual studio 10.0\vc\include\conio.h(130) : 'kbhit' 선언을 참조하십시오.
     1>c:\users\권혜영\desktop\수정본_3\saveheart\detachteargame.h(517): warning C4996: 'getch': The POSIX name for this item is deprecated. Instead, use the ISO C++ conformant name: _getch. See online help for details.
                 c:\program files (x86)\microsoft visual studio 10.0\vc\include\conio.h(128) : 'getch' 선언을 참조하십시오.
     1>c:\users\권혜영\desktop\수정본_3\saveheart\detachteargame.h(541): warning C4996: 'kbhit': The POSIX name for this item is deprecated. Instead, use the ISO C++ conformant name: _kbhit. See online help for details.
                 c:\program files (x86)\microsoft visual studio 10.0\vc\include\conio.h(130) : 'kbhit' 선언을 참조하십시오.
     1>c:\users\권혜영\desktop\수정본_3\saveheart\detachteargame.h(542): warning C4996: 'getch': The POSIX name for this item is deprecated. Instead, use the ISO C++ conformant name: _getch. See online help for details.
                 c:\program files (x86)\microsoft visual studio 10.0\vc\include\conio.h(128) : 'getch' 선언을 참조하십시오.
     1>c:\users\권혜영\desktop\수정본_3\saveheart\detachteargame.h(566): warning C4996: 'kbhit': The POSIX name for this item is deprecated. Instead, use the ISO C++ conformant name: _kbhit. See online help for details.
                 c:\program files (x86)\microsoft visual studio 10.0\vc\include\conio.h(130) : 'kbhit' 선언을 참조하십시오.
     1>c:\users\권혜영\desktop\수정본_3\saveheart\detachteargame.h(567): warning C4996: 'getch': The POSIX name for this item is deprecated. Instead, use the ISO C++ conformant name: _getch. See online help for details.
                 c:\program files (x86)\microsoft visual studio 10.0\vc\include\conio.h(128) : 'getch' 선언을 참조하십시오.
     1>c:\users\권혜영\desktop\수정본_3\saveheart\detachteargame.h(591): warning C4996: 'kbhit': The POSIX name for this item is deprecated. Instead, use the ISO C++ conformant name: _kbhit. See online help for details.
                 c:\program files (x86)\microsoft visual studio 10.0\vc\include\conio.h(130) : 'kbhit' 선언을 참조하십시오.
     1>c:\users\권혜영\desktop\수정본_3\saveheart\detachteargame.h(592): warning C4996: 'getch': The POSIX name for this item is deprecated. Instead, use the ISO C++ conformant name: _getch. See online help for details.
                 c:\program files (x86)\microsoft visual studio 10.0\vc\include\conio.h(128) : 'getch' 선언을 참조하십시오.
     1>c:\users\권혜영\desktop\수정본_3\saveheart\detachteargame.h(616): warning C4996: 'kbhit': The POSIX name for this item is deprecated. Instead, use the ISO C++ conformant name: _kbhit. See online help for details.
                 c:\program files (x86)\microsoft visual studio 10.0\vc\include\conio.h(130) : 'kbhit' 선언을 참조하십시오.
     1>c:\users\권혜영\desktop\수정본_3\saveheart\detachteargame.h(617): warning C4996: 'getch': The POSIX name for this item is deprecated. Instead, use the ISO C++ conformant name: _getch. See online help for details.
                 c:\program files (x86)\microsoft visual studio 10.0\vc\include\conio.h(128) : 'getch' 선언을 참조하십시오.
     1>c:\users\권혜영\desktop\수정본_3\saveheart\detachteargame.h(641): warning C4996: 'kbhit': The POSIX name for this item is deprecated. Instead, use the ISO C++ conformant name: _kbhit. See online help for details.
                 c:\program files (x86)\microsoft visual studio 10.0\vc\include\conio.h(130) : 'kbhit' 선언을 참조하십시오.
     1>c:\users\권혜영\desktop\수정본_3\saveheart\detachteargame.h(642): warning C4996: 'getch': The POSIX name for this item is deprecated. Instead, use the ISO C++ conformant name: _getch. See online help for details.
                 c:\program files (x86)\microsoft visual studio 10.0\vc\include\conio.h(128) : 'getch' 선언을 참조하십시오.
     1>c:\users\권혜영\desktop\수정본_3\saveheart\detachteargame.h(666): warning C4996: 'kbhit': The POSIX name for this item is deprecated. Instead, use the ISO C++ conformant name: _kbhit. See online help for details.
                 c:\program files (x86)\microsoft visual studio 10.0\vc\include\conio.h(130) : 'kbhit' 선언을 참조하십시오.
     1>c:\users\권혜영\desktop\수정본_3\saveheart\detachteargame.h(667): warning C4996: 'getch': The POSIX name for this item is deprecated. Instead, use the ISO C++ conformant name: _getch. See online help for details.
                 c:\program files (x86)\microsoft visual studio 10.0\vc\include\conio.h(128) : 'getch' 선언을 참조하십시오.
     1>c:\users\권혜영\desktop\수정본_3\saveheart\detachteargame.h(691): warning C4996: 'kbhit': The POSIX name for this item is deprecated. Instead, use the ISO C++ conformant name: _kbhit. See online help for details.
                 c:\program files (x86)\microsoft visual studio 10.0\vc\include\conio.h(130) : 'kbhit' 선언을 참조하십시오.
     1>c:\users\권혜영\desktop\수정본_3\saveheart\detachteargame.h(692): warning C4996: 'getch': The POSIX name for this item is deprecated. Instead, use the ISO C++ conformant name: _getch. See online help for details.
                 c:\program files (x86)\microsoft visual studio 10.0\vc\include\conio.h(128) : 'getch' 선언을 참조하십시오.
     1>c:\users\권혜영\desktop\수정본_3\saveheart\detachteargame.h(716): warning C4996: 'kbhit': The POSIX name for this item is deprecated. Instead, use the ISO C++ conformant name: _kbhit. See online help for details.
                 c:\program files (x86)\microsoft visual studio 10.0\vc\include\conio.h(130) : 'kbhit' 선언을 참조하십시오.
     1>c:\users\권혜영\desktop\수정본_3\saveheart\detachteargame.h(717): warning C4996: 'getch': The POSIX name for this item is deprecated. Instead, use the ISO C++ conformant name: _getch. See online help for details.
                 c:\program files (x86)\microsoft visual studio 10.0\vc\include\conio.h(128) : 'getch' 선언을 참조하십시오.
     1>c:\users\권혜영\desktop\수정본_3\saveheart\detachteargame.h(741): warning C4996: 'kbhit': The POSIX name for this item is deprecated. Instead, use the ISO C++ conformant name: _kbhit. See online help for details.
                 c:\program files (x86)\microsoft visual studio 10.0\vc\include\conio.h(130) : 'kbhit' 선언을 참조하십시오.
     1>c:\users\권혜영\desktop\수정본_3\saveheart\detachteargame.h(742): warning C4996: 'getch': The POSIX name for this item is deprecated. Instead, use the ISO C++ conformant name: _getch. See online help for details.
                 c:\program files (x86)\microsoft visual studio 10.0\vc\include\conio.h(128) : 'getch' 선언을 참조하십시오.
     1>c:\users\권혜영\desktop\수정본_3\saveheart\detachteargame.h(766): warning C4996: 'kbhit': The POSIX name for this item is deprecated. Instead, use the ISO C++ conformant name: _kbhit. See online help for details.
                 c:\program files (x86)\microsoft visual studio 10.0\vc\include\conio.h(130) : 'kbhit' 선언을 참조하십시오.
     1>c:\users\권혜영\desktop\수정본_3\saveheart\detachteargame.h(767): warning C4996: 'getch': The POSIX name for this item is deprecated. Instead, use the ISO C++ conformant name: _getch. See online help for details.
                 c:\program files (x86)\microsoft visual studio 10.0\vc\include\conio.h(128) : 'getch' 선언을 참조하십시오.
     1>c:\users\권혜영\desktop\수정본_3\saveheart\detachteargame.h(791): warning C4996: 'kbhit': The POSIX name for this item is deprecated. Instead, use the ISO C++ conformant name: _kbhit. See online help for details.
                 c:\program files (x86)\microsoft visual studio 10.0\vc\include\conio.h(130) : 'kbhit' 선언을 참조하십시오.
     1>c:\users\권혜영\desktop\수정본_3\saveheart\detachteargame.h(792): warning C4996: 'getch': The POSIX name for this item is deprecated. Instead, use the ISO C++ conformant name: _getch. See online help for details.
                 c:\program files (x86)\microsoft visual studio 10.0\vc\include\conio.h(128) : 'getch' 선언을 참조하십시오.
     1>c:\users\권혜영\desktop\수정본_3\saveheart\detachteargame.h(816): warning C4996: 'kbhit': The POSIX name for this item is deprecated. Instead, use the ISO C++ conformant name: _kbhit. See online help for details.
                 c:\program files (x86)\microsoft visual studio 10.0\vc\include\conio.h(130) : 'kbhit' 선언을 참조하십시오.
     1>c:\users\권혜영\desktop\수정본_3\saveheart\detachteargame.h(817): warning C4996: 'getch': The POSIX name for this item is deprecated. Instead, use the ISO C++ conformant name: _getch. See online help for details.
                 c:\program files (x86)\microsoft visual studio 10.0\vc\include\conio.h(128) : 'getch' 선언을 참조하십시오.
     1>c:\users\권혜영\desktop\수정본_3\saveheart\detachteargame.h(841): warning C4996: 'kbhit': The POSIX name for this item is deprecated. Instead, use the ISO C++ conformant name: _kbhit. See online help for details.
                 c:\program files (x86)\microsoft visual studio 10.0\vc\include\conio.h(130) : 'kbhit' 선언을 참조하십시오.
     1>c:\users\권혜영\desktop\수정본_3\saveheart\detachteargame.h(842): warning C4996: 'getch': The POSIX name for this item is deprecated. Instead, use the ISO C++ conformant name: _getch. See online help for details.
                 c:\program files (x86)\microsoft visual studio 10.0\vc\include\conio.h(128) : 'getch' 선언을 참조하십시오.
     1>c:\users\권혜영\desktop\수정본_3\saveheart\detachteargame.h(866): warning C4996: 'kbhit': The POSIX name for this item is deprecated. Instead, use the ISO C++ conformant name: _kbhit. See online help for details.
                 c:\program files (x86)\microsoft visual studio 10.0\vc\include\conio.h(130) : 'kbhit' 선언을 참조하십시오.
     1>c:\users\권혜영\desktop\수정본_3\saveheart\detachteargame.h(867): warning C4996: 'getch': The POSIX name for this item is deprecated. Instead, use the ISO C++ conformant name: _getch. See online help for details.
                 c:\program files (x86)\microsoft visual studio 10.0\vc\include\conio.h(128) : 'getch' 선언을 참조하십시오.
     1>c:\users\권혜영\desktop\수정본_3\saveheart\detachteargame.h(891): warning C4996: 'kbhit': The POSIX name for this item is deprecated. Instead, use the ISO C++ conformant name: _kbhit. See online help for details.
                 c:\program files (x86)\microsoft visual studio 10.0\vc\include\conio.h(130) : 'kbhit' 선언을 참조하십시오.
     1>c:\users\권혜영\desktop\수정본_3\saveheart\detachteargame.h(892): warning C4996: 'getch': The POSIX name for this item is deprecated. Instead, use the ISO C++ conformant name: _getch. See online help for details.
                 c:\program files (x86)\microsoft visual studio 10.0\vc\include\conio.h(128) : 'getch' 선언을 참조하십시오.
     1>c:\users\권혜영\desktop\수정본_3\saveheart\detachteargame.h(916): warning C4996: 'kbhit': The POSIX name for this item is deprecated. Instead, use the ISO C++ conformant name: _kbhit. See online help for details.
                 c:\program files (x86)\microsoft visual studio 10.0\vc\include\conio.h(130) : 'kbhit' 선언을 참조하십시오.
     1>c:\users\권혜영\desktop\수정본_3\saveheart\detachteargame.h(917): warning C4996: 'getch': The POSIX name for this item is deprecated. Instead, use the ISO C++ conformant name: _getch. See online help for details.
                 c:\program files (x86)\microsoft visual studio 10.0\vc\include\conio.h(128) : 'getch' 선언을 참조하십시오.
     1>c:\users\권혜영\desktop\수정본_3\saveheart\detachteargame.h(941): warning C4996: 'kbhit': The POSIX name for this item is deprecated. Instead, use the ISO C++ conformant name: _kbhit. See online help for details.
                 c:\program files (x86)\microsoft visual studio 10.0\vc\include\conio.h(130) : 'kbhit' 선언을 참조하십시오.
     1>c:\users\권혜영\desktop\수정본_3\saveheart\detachteargame.h(942): warning C4996: 'getch': The POSIX name for this item is deprecated. Instead, use the ISO C++ conformant name: _getch. See online help for details.
                 c:\program files (x86)\microsoft visual studio 10.0\vc\include\conio.h(128) : 'getch' 선언을 참조하십시오.
     1>c:\users\권혜영\desktop\수정본_3\saveheart\detachteargame.h(966): warning C4996: 'kbhit': The POSIX name for this item is deprecated. Instead, use the ISO C++ conformant name: _kbhit. See online help for details.
                 c:\program files (x86)\microsoft visual studio 10.0\vc\include\conio.h(130) : 'kbhit' 선언을 참조하십시오.
     1>c:\users\권혜영\desktop\수정본_3\saveheart\detachteargame.h(967): warning C4996: 'getch': The POSIX name for this item is deprecated. Instead, use the ISO C++ conformant name: _getch. See online help for details.
                 c:\program files (x86)\microsoft visual studio 10.0\vc\include\conio.h(128) : 'getch' 선언을 참조하십시오.
     1>c:\users\권혜영\desktop\수정본_3\saveheart\detachteargame.h(991): warning C4996: 'kbhit': The POSIX name for this item is deprecated. Instead, use the ISO C++ conformant name: _kbhit. See online help for details.
                 c:\program files (x86)\microsoft visual studio 10.0\vc\include\conio.h(130) : 'kbhit' 선언을 참조하십시오.
     1>c:\users\권혜영\desktop\수정본_3\saveheart\detachteargame.h(992): warning C4996: 'getch': The POSIX name for this item is deprecated. Instead, use the ISO C++ conformant name: _getch. See online help for details.
                 c:\program files (x86)\microsoft visual studio 10.0\vc\include\conio.h(128) : 'getch' 선언을 참조하십시오.
     1>c:\users\권혜영\desktop\수정본_3\saveheart\detachteargame.h(1016): warning C4996: 'kbhit': The POSIX name for this item is deprecated. Instead, use the ISO C++ conformant name: _kbhit. See online help for details.
                 c:\program files (x86)\microsoft visual studio 10.0\vc\include\conio.h(130) : 'kbhit' 선언을 참조하십시오.
     1>c:\users\권혜영\desktop\수정본_3\saveheart\detachteargame.h(1017): warning C4996: 'getch': The POSIX name for this item is deprecated. Instead, use the ISO C++ conformant name: _getch. See online help for details.
                 c:\program files (x86)\microsoft visual studio 10.0\vc\include\conio.h(128) : 'getch' 선언을 참조하십시오.
     1>c:\users\권혜영\desktop\수정본_3\saveheart\detachteargame.h(1041): warning C4996: 'kbhit': The POSIX name for this item is deprecated. Instead, use the ISO C++ conformant name: _kbhit. See online help for details.
                 c:\program files (x86)\microsoft visual studio 10.0\vc\include\conio.h(130) : 'kbhit' 선언을 참조하십시오.
     1>c:\users\권혜영\desktop\수정본_3\saveheart\detachteargame.h(1042): warning C4996: 'getch': The POSIX name for this item is deprecated. Instead, use the ISO C++ conformant name: _getch. See online help for details.
                 c:\program files (x86)\microsoft visual studio 10.0\vc\include\conio.h(128) : 'getch' 선언을 참조하십시오.
     1>c:\users\권혜영\desktop\수정본_3\saveheart\detachteargame.h(1066): warning C4996: 'kbhit': The POSIX name for this item is deprecated. Instead, use the ISO C++ conformant name: _kbhit. See online help for details.
                 c:\program files (x86)\microsoft visual studio 10.0\vc\include\conio.h(130) : 'kbhit' 선언을 참조하십시오.
     1>c:\users\권혜영\desktop\수정본_3\saveheart\detachteargame.h(1067): warning C4996: 'getch': The POSIX name for this item is deprecated. Instead, use the ISO C++ conformant name: _getch. See online help for details.
                 c:\program files (x86)\microsoft visual studio 10.0\vc\include\conio.h(128) : 'getch' 선언을 참조하십시오.
     1>c:\users\권혜영\desktop\수정본_3\saveheart\detachteargame.h(1091): warning C4996: 'kbhit': The POSIX name for this item is deprecated. Instead, use the ISO C++ conformant name: _kbhit. See online help for details.
                 c:\program files (x86)\microsoft visual studio 10.0\vc\include\conio.h(130) : 'kbhit' 선언을 참조하십시오.
     1>c:\users\권혜영\desktop\수정본_3\saveheart\detachteargame.h(1092): warning C4996: 'getch': The POSIX name for this item is deprecated. Instead, use the ISO C++ conformant name: _getch. See online help for details.
                 c:\program files (x86)\microsoft visual studio 10.0\vc\include\conio.h(128) : 'getch' 선언을 참조하십시오.
     1>c:\users\권혜영\desktop\수정본_3\saveheart\detachteargame.h(1114): warning C4996: 'kbhit': The POSIX name for this item is deprecated. Instead, use the ISO C++ conformant name: _kbhit. See online help for details.
                 c:\program files (x86)\microsoft visual studio 10.0\vc\include\conio.h(130) : 'kbhit' 선언을 참조하십시오.
     1>c:\users\권혜영\desktop\수정본_3\saveheart\detachteargame.h(1115): warning C4996: 'getch': The POSIX name for this item is deprecated. Instead, use the ISO C++ conformant name: _getch. See online help for details.
                 c:\program files (x86)\microsoft visual studio 10.0\vc\include\conio.h(128) : 'getch' 선언을 참조하십시오.
     1>c:\users\권혜영\desktop\수정본_3\saveheart\shampooinggame.h(90): warning C4996: 'kbhit': The POSIX name for this item is deprecated. Instead, use the ISO C++ conformant name: _kbhit. See online help for details.
                 c:\program files (x86)\microsoft visual studio 10.0\vc\include\conio.h(130) : 'kbhit' 선언을 참조하십시오.
     1>c:\users\권혜영\desktop\수정본_3\saveheart\shampooinggame.h(100): warning C4996: 'kbhit': The POSIX name for this item is deprecated. Instead, use the ISO C++ conformant name: _kbhit. See online help for details.
                 c:\program files (x86)\microsoft visual studio 10.0\vc\include\conio.h(130) : 'kbhit' 선언을 참조하십시오.
     1>c:\users\권혜영\desktop\수정본_3\saveheart\shampooinggame.h(101): warning C4996: 'getch': The POSIX name for this item is deprecated. Instead, use the ISO C++ conformant name: _getch. See online help for details.
                 c:\program files (x86)\microsoft visual studio 10.0\vc\include\conio.h(128) : 'getch' 선언을 참조하십시오.
     1>c:\users\권혜영\desktop\수정본_3\saveheart\shampooinggame.h(88): warning C4101: 'i' :참조되지 않은 지역 변수입니다.
     1>c:\users\권혜영\desktop\수정본_3\saveheart\shampooinggame.h(89): warning C4101: 'j' :참조되지 않은 지역 변수입니다.
     1>c:\users\권혜영\desktop\수정본_3\saveheart\shampooinggame.h(128): warning C4996: 'getch': The POSIX name for this item is deprecated. Instead, use the ISO C++ conformant name: _getch. See online help for details.
                 c:\program files (x86)\microsoft visual studio 10.0\vc\include\conio.h(128) : 'getch' 선언을 참조하십시오.
     1>c:\users\권혜영\desktop\수정본_3\saveheart\shampooinggame.h(132): warning C4996: 'getch': The POSIX name for this item is deprecated. Instead, use the ISO C++ conformant name: _getch. See online help for details.
                 c:\program files (x86)\microsoft visual studio 10.0\vc\include\conio.h(128) : 'getch' 선언을 참조하십시오.
     1>c:\users\권혜영\desktop\수정본_3\saveheart\shampooinggame.h(114): warning C4101: 'i' :참조되지 않은 지역 변수입니다.
     1>c:\users\권혜영\desktop\수정본_3\saveheart\shampooinggame.h(114): warning C4101: 'j' :참조되지 않은 지역 변수입니다.
     1>c:\users\권혜영\desktop\수정본_3\saveheart\shampooinggame.h(147): warning C4996: 'getch': The POSIX name for this item is deprecated. Instead, use the ISO C++ conformant name: _getch. See online help for details.
                 c:\program files (x86)\microsoft visual studio 10.0\vc\include\conio.h(128) : 'getch' 선언을 참조하십시오.
     1>c:\users\권혜영\desktop\수정본_3\saveheart\shampooinggame.h(153): warning C4996: 'getch': The POSIX name for this item is deprecated. Instead, use the ISO C++ conformant name: _getch. See online help for details.
                 c:\program files (x86)\microsoft visual studio 10.0\vc\include\conio.h(128) : 'getch' 선언을 참조하십시오.
     1>c:\users\권혜영\desktop\수정본_3\saveheart\shampooinggame.h(163): warning C4244: '인수' : 'time_t'에서 'unsigned int'(으)로 변환하면서 데이터가 손실될 수 있습니다.
     1>c:\users\권혜영\desktop\수정본_3\saveheart\shampooinggame.h(401): warning C4996: 'getch': The POSIX name for this item is deprecated. Instead, use the ISO C++ conformant name: _getch. See online help for details.
                 c:\program files (x86)\microsoft visual studio 10.0\vc\include\conio.h(128) : 'getch' 선언을 참조하십시오.
     1>c:\users\권혜영\desktop\수정본_3\saveheart\intromain.h(37): warning C4996: 'strtok': This function or variable may be unsafe. Consider using strtok_s instead. To disable deprecation, use _CRT_SECURE_NO_WARNINGS. See online help for details.
                 c:\program files (x86)\microsoft visual studio 10.0\vc\include\string.h(197) : 'strtok' 선언을 참조하십시오.
     1>c:\users\권혜영\desktop\수정본_3\saveheart\intromain.h(40): warning C4996: 'strtok': This function or variable may be unsafe. Consider using strtok_s instead. To disable deprecation, use _CRT_SECURE_NO_WARNINGS. See online help for details.
                 c:\program files (x86)\microsoft visual studio 10.0\vc\include\string.h(197) : 'strtok' 선언을 참조하십시오.
     1>c:\users\권혜영\desktop\수정본_3\saveheart\intromain.h(47): warning C4996: 'fopen': This function or variable may be unsafe. Consider using fopen_s instead. To disable deprecation, use _CRT_SECURE_NO_WARNINGS. See online help for details.
                 c:\program files (x86)\microsoft visual studio 10.0\vc\include\stdio.h(234) : 'fopen' 선언을 참조하십시오.
     1>c:\users\권혜영\desktop\수정본_3\saveheart\intromain.h(109): warning C4996: 'strcpy': This function or variable may be unsafe. Consider using strcpy_s instead. To disable deprecation, use _CRT_SECURE_NO_WARNINGS. See online help for details.
                 c:\program files (x86)\microsoft visual studio 10.0\vc\include\string.h(105) : 'strcpy' 선언을 참조하십시오.
     1>c:\users\권혜영\desktop\수정본_3\saveheart\intromain.h(110): warning C4996: 'strcat': This function or variable may be unsafe. Consider using strcat_s instead. To disable deprecation, use _CRT_SECURE_NO_WARNINGS. See online help for details.
                 c:\program files (x86)\microsoft visual studio 10.0\vc\include\string.h(110) : 'strcat' 선언을 참조하십시오.
     1>c:\users\권혜영\desktop\수정본_3\saveheart\intromain.h(125): warning C4996: 'strcpy': This function or variable may be unsafe. Consider using strcpy_s instead. To disable deprecation, use _CRT_SECURE_NO_WARNINGS. See online help for details.
                 c:\program files (x86)\microsoft visual studio 10.0\vc\include\string.h(105) : 'strcpy' 선언을 참조하십시오.
     1>c:\users\권혜영\desktop\수정본_3\saveheart\intromain.h(126): warning C4996: 'strcat': This function or variable may be unsafe. Consider using strcat_s instead. To disable deprecation, use _CRT_SECURE_NO_WARNINGS. See online help for details.
                 c:\program files (x86)\microsoft visual studio 10.0\vc\include\string.h(110) : 'strcat' 선언을 참조하십시오.
     1>c:\users\권혜영\desktop\수정본_3\saveheart\intromain.h(127): warning C4996: 'strcat': This function or variable may be unsafe. Consider using strcat_s instead. To disable deprecation, use _CRT_SECURE_NO_WARNINGS. See online help for details.
                 c:\program files (x86)\microsoft visual studio 10.0\vc\include\string.h(110) : 'strcat' 선언을 참조하십시오.
     1>c:\users\권혜영\desktop\수정본_3\saveheart\intromain.h(133): warning C4996: 'fscanf': This function or variable may be unsafe. Consider using fscanf_s instead. To disable deprecation, use _CRT_SECURE_NO_WARNINGS. See online help for details.
                 c:\program files (x86)\microsoft visual studio 10.0\vc\include\stdio.h(253) : 'fscanf' 선언을 참조하십시오.
     1>c:\users\권혜영\desktop\수정본_3\saveheart\intromain.h(134): warning C4996: 'fscanf': This function or variable may be unsafe. Consider using fscanf_s instead. To disable deprecation, use _CRT_SECURE_NO_WARNINGS. See online help for details.
                 c:\program files (x86)\microsoft visual studio 10.0\vc\include\stdio.h(253) : 'fscanf' 선언을 참조하십시오.
     1>c:\users\권혜영\desktop\수정본_3\saveheart\intromain.h(190): warning C4996: 'strcpy': This function or variable may be unsafe. Consider using strcpy_s instead. To disable deprecation, use _CRT_SECURE_NO_WARNINGS. See online help for details.
                 c:\program files (x86)\microsoft visual studio 10.0\vc\include\string.h(105) : 'strcpy' 선언을 참조하십시오.
     1>c:\users\권혜영\desktop\수정본_3\saveheart\intromain.h(191): warning C4996: 'strcat': This function or variable may be unsafe. Consider using strcat_s instead. To disable deprecation, use _CRT_SECURE_NO_WARNINGS. See online help for details.
                 c:\program files (x86)\microsoft visual studio 10.0\vc\include\string.h(110) : 'strcat' 선언을 참조하십시오.
     1>c:\users\권혜영\desktop\수정본_3\saveheart\intromain.h(206): warning C4996: 'strcpy': This function or variable may be unsafe. Consider using strcpy_s instead. To disable deprecation, use _CRT_SECURE_NO_WARNINGS. See online help for details.
                 c:\program files (x86)\microsoft visual studio 10.0\vc\include\string.h(105) : 'strcpy' 선언을 참조하십시오.
     1>c:\users\권혜영\desktop\수정본_3\saveheart\intromain.h(207): warning C4996: 'strcat': This function or variable may be unsafe. Consider using strcat_s instead. To disable deprecation, use _CRT_SECURE_NO_WARNINGS. See online help for details.
                 c:\program files (x86)\microsoft visual studio 10.0\vc\include\string.h(110) : 'strcat' 선언을 참조하십시오.
     1>c:\users\권혜영\desktop\수정본_3\saveheart\intromain.h(208): warning C4996: 'strcat': This function or variable may be unsafe. Consider using strcat_s instead. To disable deprecation, use _CRT_SECURE_NO_WARNINGS. See online help for details.
                 c:\program files (x86)\microsoft visual studio 10.0\vc\include\string.h(110) : 'strcat' 선언을 참조하십시오.
     1>c:\users\권혜영\desktop\수정본_3\saveheart\intromain.h(214): warning C4996: 'fscanf': This function or variable may be unsafe. Consider using fscanf_s instead. To disable deprecation, use _CRT_SECURE_NO_WARNINGS. See online help for details.
                 c:\program files (x86)\microsoft visual studio 10.0\vc\include\stdio.h(253) : 'fscanf' 선언을 참조하십시오.
     1>c:\users\권혜영\desktop\수정본_3\saveheart\intromain.h(215): warning C4996: 'fscanf': This function or variable may be unsafe. Consider using fscanf_s instead. To disable deprecation, use _CRT_SECURE_NO_WARNINGS. See online help for details.
                 c:\program files (x86)\microsoft visual studio 10.0\vc\include\stdio.h(253) : 'fscanf' 선언을 참조하십시오.
     1>c:\users\권혜영\desktop\수정본_3\saveheart\intromain.h(271): warning C4996: 'strcpy': This function or variable may be unsafe. Consider using strcpy_s instead. To disable deprecation, use _CRT_SECURE_NO_WARNINGS. See online help for details.
                 c:\program files (x86)\microsoft visual studio 10.0\vc\include\string.h(105) : 'strcpy' 선언을 참조하십시오.
     1>c:\users\권혜영\desktop\수정본_3\saveheart\intromain.h(272): warning C4996: 'strcat': This function or variable may be unsafe. Consider using strcat_s instead. To disable deprecation, use _CRT_SECURE_NO_WARNINGS. See online help for details.
                 c:\program files (x86)\microsoft visual studio 10.0\vc\include\string.h(110) : 'strcat' 선언을 참조하십시오.
     1>c:\users\권혜영\desktop\수정본_3\saveheart\intromain.h(287): warning C4996: 'strcpy': This function or variable may be unsafe. Consider using strcpy_s instead. To disable deprecation, use _CRT_SECURE_NO_WARNINGS. See online help for details.
                 c:\program files (x86)\microsoft visual studio 10.0\vc\include\string.h(105) : 'strcpy' 선언을 참조하십시오.
     1>c:\users\권혜영\desktop\수정본_3\saveheart\intromain.h(288): warning C4996: 'strcat': This function or variable may be unsafe. Consider using strcat_s instead. To disable deprecation, use _CRT_SECURE_NO_WARNINGS. See online help for details.
                 c:\program files (x86)\microsoft visual studio 10.0\vc\include\string.h(110) : 'strcat' 선언을 참조하십시오.
     1>c:\users\권혜영\desktop\수정본_3\saveheart\intromain.h(289): warning C4996: 'strcat': This function or variable may be unsafe. Consider using strcat_s instead. To disable deprecation, use _CRT_SECURE_NO_WARNINGS. See online help for details.
                 c:\program files (x86)\microsoft visual studio 10.0\vc\include\string.h(110) : 'strcat' 선언을 참조하십시오.
     1>c:\users\권혜영\desktop\수정본_3\saveheart\intromain.h(295): warning C4996: 'fscanf': This function or variable may be unsafe. Consider using fscanf_s instead. To disable deprecation, use _CRT_SECURE_NO_WARNINGS. See online help for details.
                 c:\program files (x86)\microsoft visual studio 10.0\vc\include\stdio.h(253) : 'fscanf' 선언을 참조하십시오.
     1>c:\users\권혜영\desktop\수정본_3\saveheart\intromain.h(296): warning C4996: 'fscanf': This function or variable may be unsafe. Consider using fscanf_s instead. To disable deprecation, use _CRT_SECURE_NO_WARNINGS. See online help for details.
                 c:\program files (x86)\microsoft visual studio 10.0\vc\include\stdio.h(253) : 'fscanf' 선언을 참조하십시오.
     1>c:\users\권혜영\desktop\수정본_3\saveheart\intromain.h(352): warning C4996: 'strcpy': This function or variable may be unsafe. Consider using strcpy_s instead. To disable deprecation, use _CRT_SECURE_NO_WARNINGS. See online help for details.
                 c:\program files (x86)\microsoft visual studio 10.0\vc\include\string.h(105) : 'strcpy' 선언을 참조하십시오.
     1>c:\users\권혜영\desktop\수정본_3\saveheart\intromain.h(353): warning C4996: 'strcat': This function or variable may be unsafe. Consider using strcat_s instead. To disable deprecation, use _CRT_SECURE_NO_WARNINGS. See online help for details.
                 c:\program files (x86)\microsoft visual studio 10.0\vc\include\string.h(110) : 'strcat' 선언을 참조하십시오.
     1>c:\users\권혜영\desktop\수정본_3\saveheart\intromain.h(368): warning C4996: 'strcpy': This function or variable may be unsafe. Consider using strcpy_s instead. To disable deprecation, use _CRT_SECURE_NO_WARNINGS. See online help for details.
                 c:\program files (x86)\microsoft visual studio 10.0\vc\include\string.h(105) : 'strcpy' 선언을 참조하십시오.
     1>c:\users\권혜영\desktop\수정본_3\saveheart\intromain.h(369): warning C4996: 'strcat': This function or variable may be unsafe. Consider using strcat_s instead. To disable deprecation, use _CRT_SECURE_NO_WARNINGS. See online help for details.
                 c:\program files (x86)\microsoft visual studio 10.0\vc\include\string.h(110) : 'strcat' 선언을 참조하십시오.
     1>c:\users\권혜영\desktop\수정본_3\saveheart\intromain.h(370): warning C4996: 'strcat': This function or variable may be unsafe. Consider using strcat_s instead. To disable deprecation, use _CRT_SECURE_NO_WARNINGS. See online help for details.
                 c:\program files (x86)\microsoft visual studio 10.0\vc\include\string.h(110) : 'strcat' 선언을 참조하십시오.
     1>c:\users\권혜영\desktop\수정본_3\saveheart\intromain.h(376): warning C4996: 'fscanf': This function or variable may be unsafe. Consider using fscanf_s instead. To disable deprecation, use _CRT_SECURE_NO_WARNINGS. See online help for details.
                 c:\program files (x86)\microsoft visual studio 10.0\vc\include\stdio.h(253) : 'fscanf' 선언을 참조하십시오.
     1>c:\users\권혜영\desktop\수정본_3\saveheart\intromain.h(377): warning C4996: 'fscanf': This function or variable may be unsafe. Consider using fscanf_s instead. To disable deprecation, use _CRT_SECURE_NO_WARNINGS. See online help for details.
                 c:\program files (x86)\microsoft visual studio 10.0\vc\include\stdio.h(253) : 'fscanf' 선언을 참조하십시오.
     1>c:\users\권혜영\desktop\수정본_3\saveheart\intromain.h(433): warning C4996: 'strcpy': This function or variable may be unsafe. Consider using strcpy_s instead. To disable deprecation, use _CRT_SECURE_NO_WARNINGS. See online help for details.
                 c:\program files (x86)\microsoft visual studio 10.0\vc\include\string.h(105) : 'strcpy' 선언을 참조하십시오.
     1>c:\users\권혜영\desktop\수정본_3\saveheart\intromain.h(434): warning C4996: 'strcat': This function or variable may be unsafe. Consider using strcat_s instead. To disable deprecation, use _CRT_SECURE_NO_WARNINGS. See online help for details.
                 c:\program files (x86)\microsoft visual studio 10.0\vc\include\string.h(110) : 'strcat' 선언을 참조하십시오.
     1>c:\users\권혜영\desktop\수정본_3\saveheart\intromain.h(449): warning C4996: 'strcpy': This function or variable may be unsafe. Consider using strcpy_s instead. To disable deprecation, use _CRT_SECURE_NO_WARNINGS. See online help for details.
                 c:\program files (x86)\microsoft visual studio 10.0\vc\include\string.h(105) : 'strcpy' 선언을 참조하십시오.
     1>c:\users\권혜영\desktop\수정본_3\saveheart\intromain.h(450): warning C4996: 'strcat': This function or variable may be unsafe. Consider using strcat_s instead. To disable deprecation, use _CRT_SECURE_NO_WARNINGS. See online help for details.
                 c:\program files (x86)\microsoft visual studio 10.0\vc\include\string.h(110) : 'strcat' 선언을 참조하십시오.
     1>c:\users\권혜영\desktop\수정본_3\saveheart\intromain.h(451): warning C4996: 'strcat': This function or variable may be unsafe. Consider using strcat_s instead. To disable deprecation, use _CRT_SECURE_NO_WARNINGS. See online help for details.
                 c:\program files (x86)\microsoft visual studio 10.0\vc\include\string.h(110) : 'strcat' 선언을 참조하십시오.
     1>c:\users\권혜영\desktop\수정본_3\saveheart\intromain.h(457): warning C4996: 'fscanf': This function or variable may be unsafe. Consider using fscanf_s instead. To disable deprecation, use _CRT_SECURE_NO_WARNINGS. See online help for details.
                 c:\program files (x86)\microsoft visual studio 10.0\vc\include\stdio.h(253) : 'fscanf' 선언을 참조하십시오.
     1>c:\users\권혜영\desktop\수정본_3\saveheart\intromain.h(458): warning C4996: 'fscanf': This function or variable may be unsafe. Consider using fscanf_s instead. To disable deprecation, use _CRT_SECURE_NO_WARNINGS. See online help for details.
                 c:\program files (x86)\microsoft visual studio 10.0\vc\include\stdio.h(253) : 'fscanf' 선언을 참조하십시오.
     1>c:\users\권혜영\desktop\수정본_3\saveheart\heartgame.h(89): warning C4244: '인수' : 'time_t'에서 'unsigned int'(으)로 변환하면서 데이터가 손실될 수 있습니다.
     1>c:\users\권혜영\desktop\수정본_3\saveheart\heartgame.h(203): warning C4996: 'getch': The POSIX name for this item is deprecated. Instead, use the ISO C++ conformant name: _getch. See online help for details.
                 c:\program files (x86)\microsoft visual studio 10.0\vc\include\conio.h(128) : 'getch' 선언을 참조하십시오.
     1>c:\users\권혜영\desktop\수정본_3\saveheart\heartgame.h(344): warning C4996: 'getch': The POSIX name for this item is deprecated. Instead, use the ISO C++ conformant name: _getch. See online help for details.
                 c:\program files (x86)\microsoft visual studio 10.0\vc\include\conio.h(128) : 'getch' 선언을 참조하십시오.
     1>c:\users\권혜영\desktop\수정본_3\saveheart\heartgame.h(399): warning C4996: 'getch': The POSIX name for this item is deprecated. Instead, use the ISO C++ conformant name: _getch. See online help for details.
                 c:\program files (x86)\microsoft visual studio 10.0\vc\include\conio.h(128) : 'getch' 선언을 참조하십시오.
     1>c:\users\권혜영\desktop\수정본_3\saveheart\heartgame.h(448): warning C4996: 'getch': The POSIX name for this item is deprecated. Instead, use the ISO C++ conformant name: _getch. See online help for details.
                 c:\program files (x86)\microsoft visual studio 10.0\vc\include\conio.h(128) : 'getch' 선언을 참조하십시오.
     1>c:\users\권혜영\desktop\수정본_3\saveheart\heartgame.h(495): warning C4996: 'getch': The POSIX name for this item is deprecated. Instead, use the ISO C++ conformant name: _getch. See online help for details.
                 c:\program files (x86)\microsoft visual studio 10.0\vc\include\conio.h(128) : 'getch' 선언을 참조하십시오.
     1>c:\users\권혜영\desktop\수정본_3\saveheart\heartgame.h(542): warning C4996: 'getch': The POSIX name for this item is deprecated. Instead, use the ISO C++ conformant name: _getch. See online help for details.
                 c:\program files (x86)\microsoft visual studio 10.0\vc\include\conio.h(128) : 'getch' 선언을 참조하십시오.
     1>c:\users\권혜영\desktop\수정본_3\saveheart\heartgame.h(621): warning C4996: 'getch': The POSIX name for this item is deprecated. Instead, use the ISO C++ conformant name: _getch. See online help for details.
                 c:\program files (x86)\microsoft visual studio 10.0\vc\include\conio.h(128) : 'getch' 선언을 참조하십시오.
     1>c:\users\권혜영\desktop\수정본_3\saveheart\heartgame.h(673): warning C4996: 'getch': The POSIX name for this item is deprecated. Instead, use the ISO C++ conformant name: _getch. See online help for details.
                 c:\program files (x86)\microsoft visual studio 10.0\vc\include\conio.h(128) : 'getch' 선언을 참조하십시오.
     1>c:\users\권혜영\desktop\수정본_3\saveheart\heartgame.h(732): warning C4996: 'getch': The POSIX name for this item is deprecated. Instead, use the ISO C++ conformant name: _getch. See online help for details.
                 c:\program files (x86)\microsoft visual studio 10.0\vc\include\conio.h(128) : 'getch' 선언을 참조하십시오.
     1>c:\users\권혜영\desktop\수정본_3\saveheart\heartgame.h(782): warning C4996: 'getch': The POSIX name for this item is deprecated. Instead, use the ISO C++ conformant name: _getch. See online help for details.
                 c:\program files (x86)\microsoft visual studio 10.0\vc\include\conio.h(128) : 'getch' 선언을 참조하십시오.
     1>c:\users\권혜영\desktop\수정본_3\saveheart\heartgame.h(830): warning C4996: 'getch': The POSIX name for this item is deprecated. Instead, use the ISO C++ conformant name: _getch. See online help for details.
                 c:\program files (x86)\microsoft visual studio 10.0\vc\include\conio.h(128) : 'getch' 선언을 참조하십시오.
     1>c:\users\권혜영\desktop\수정본_3\saveheart\heartgame.h(878): warning C4996: 'getch': The POSIX name for this item is deprecated. Instead, use the ISO C++ conformant name: _getch. See online help for details.
                 c:\program files (x86)\microsoft visual studio 10.0\vc\include\conio.h(128) : 'getch' 선언을 참조하십시오.
     1>c:\users\권혜영\desktop\수정본_3\saveheart\heartgame.h(1000): warning C4996: 'getch': The POSIX name for this item is deprecated. Instead, use the ISO C++ conformant name: _getch. See online help for details.
                 c:\program files (x86)\microsoft visual studio 10.0\vc\include\conio.h(128) : 'getch' 선언을 참조하십시오.
     1>c:\users\권혜영\desktop\수정본_3\saveheart\heartgame.h(1039): warning C4996: 'getch': The POSIX name for this item is deprecated. Instead, use the ISO C++ conformant name: _getch. See online help for details.
                 c:\program files (x86)\microsoft visual studio 10.0\vc\include\conio.h(128) : 'getch' 선언을 참조하십시오.
     1>c:\users\권혜영\desktop\수정본_3\saveheart\heartgame.h(1242): warning C4996: 'getch': The POSIX name for this item is deprecated. Instead, use the ISO C++ conformant name: _getch. See online help for details.
                 c:\program files (x86)\microsoft visual studio 10.0\vc\include\conio.h(128) : 'getch' 선언을 참조하십시오.
     1>c:\users\권혜영\desktop\수정본_3\saveheart\heartgame.h(1345): warning C4996: 'kbhit': The POSIX name for this item is deprecated. Instead, use the ISO C++ conformant name: _kbhit. See online help for details.
                 c:\program files (x86)\microsoft visual studio 10.0\vc\include\conio.h(130) : 'kbhit' 선언을 참조하십시오.
     1>c:\users\권혜영\desktop\수정본_3\saveheart\heartgame.h(1346): warning C4996: 'getch': The POSIX name for this item is deprecated. Instead, use the ISO C++ conformant name: _getch. See online help for details.
                 c:\program files (x86)\microsoft visual studio 10.0\vc\include\conio.h(128) : 'getch' 선언을 참조하십시오.
     1>c:\users\권혜영\desktop\수정본_3\saveheart\heartgame.h(1833): warning C4996: 'getch': The POSIX name for this item is deprecated. Instead, use the ISO C++ conformant name: _getch. See online help for details.
                 c:\program files (x86)\microsoft visual studio 10.0\vc\include\conio.h(128) : 'getch' 선언을 참조하십시오.
     1>c:\users\권혜영\desktop\수정본_3\saveheart\teethbrushgame.h(165): warning C4715: 'game' : 모든 제어 경로에서 값을 반환하지는 않습니다.
     1>c:\users\권혜영\desktop\수정본_3\saveheart\shampooinggame.h(303): warning C4715: 'shampooResult' : 모든 제어 경로에서 값을 반환하지는 않습니다.
     1>c:\users\권혜영\desktop\수정본_3\saveheart\heartgame.h(580): warning C4715: 'Game::quiz' : 모든 제어 경로에서 값을 반환하지는 않습니다.
     1>c:\users\권혜영\desktop\수정본_3\saveheart\heartgame.h(916): warning C4715: 'Game::gagPick' : 모든 제어 경로에서 값을 반환하지는 않습니다.
       Link:
         c:\Program Files (x86)\Microsoft Visual Studio 10.0\VC\bin\link.exe /ERRORREPORT:PROMPT /OUT:"C:\Users\권혜영\Desktop\수정본_3\Debug\SaveHeart.exe" /NOLOGO kernel32.lib user32.lib gdi32.lib winspool.lib comdlg32.lib advapi32.lib shell32.lib ole32.lib oleaut32.lib uuid.lib odbc32.lib odbccp32.lib /MANIFEST /ManifestFile:"Debug\SaveHeart.exe.intermediate.manifest" /MANIFESTUAC:"level='asInvoker' uiAccess='false'" /DEBUG /PDB:"C:\Users\권혜영\Desktop\수정본_3\Debug\SaveHeart.pdb" /TLBID:1 /DYNAMICBASE /NXCOMPAT /IMPLIB:"C:\Users\권혜영\Desktop\수정본_3\Debug\SaveHeart.lib" /MACHINE:X86 Debug\main.obj
         SaveHeart.vcxproj -> C:\Users\권혜영\Desktop\수정본_3\Debug\SaveHeart.exe
       Manifest:
         c:\Program Files (x86)\Microsoft SDKs\Windows\v7.0A\bin\mt.exe /nologo /verbose /outputresource:"C:\Users\권혜영\Desktop\수정본_3\Debug\SaveHeart.exe;#1" /manifest Debug\SaveHeart.exe.intermediate.manifest
       FinalizeBuildStatus:
         "Debug\SaveHeart.unsuccessfulbuild" 파일을 삭제하고 있습니다.
         "Debug\SaveHeart.lastbuildstate"에 연결(touching)하고 있습니다.
     1>"C:\Users\권혜영\Desktop\수정본_3\SaveHeart\SaveHeart.vcxproj" 프로젝트를 빌드했습니다(build 대상).

빌드했습니다.

경과 시간: 00:00:02.73
